2025-10-31 22:17:02,711 | INFO | Started session b1e0056e-12b3-448f-a21a-4759afa39cba for Gigi
2025-10-31 22:17:17,236 | INFO | No gesture detected for session b1e0056e-12b3-448f-a21a-4759afa39cba
2025-10-31 22:17:38,184 | INFO | No gesture detected for session b1e0056e-12b3-448f-a21a-4759afa39cba
2025-10-31 22:33:17,919 | INFO | Started session 62cd6314-57e8-49eb-8440-fce54292cb25 for Gigi
2025-10-31 22:33:30,882 | INFO | Session 62cd6314-57e8-49eb-8440-fce54292cb25 round 1: player=rock bot=paper outcome=bot
2025-10-31 22:33:50,043 | INFO | Session 62cd6314-57e8-49eb-8440-fce54292cb25 round 2: player=paper bot=rock outcome=player
2025-10-31 22:34:10,879 | INFO | Session 62cd6314-57e8-49eb-8440-fce54292cb25 round 3: player=scissors bot=rock outcome=bot
2025-10-31 22:34:37,030 | INFO | Session 62cd6314-57e8-49eb-8440-fce54292cb25 completed with expression neutral
2025-10-31 23:04:31,891 | INFO | Started session 741828b2-d0b2-4dbe-9bde-7fe98f4211ea for anonymous
2025-10-31 23:04:48,827 | INFO | Session 741828b2-d0b2-4dbe-9bde-7fe98f4211ea round 1: player=scissors bot=scissors outcome=draw
2025-10-31 23:05:06,148 | INFO | Session 741828b2-d0b2-4dbe-9bde-7fe98f4211ea round 2: player=rock bot=scissors outcome=player
2025-10-31 23:05:17,383 | INFO | Session 741828b2-d0b2-4dbe-9bde-7fe98f4211ea round 3: player=rock bot=scissors outcome=player
2025-10-31 23:05:29,076 | INFO | Session 741828b2-d0b2-4dbe-9bde-7fe98f4211ea completed with expression happy
2025-10-31 23:06:39,189 | INFO | Started session 42a94d32-6df9-45a3-acca-8000388cc38a for anonymous
2025-10-31 23:06:50,352 | INFO | No gesture detected for session 42a94d32-6df9-45a3-acca-8000388cc38a
2025-10-31 23:07:09,597 | INFO | Session 42a94d32-6df9-45a3-acca-8000388cc38a round 1: player=rock bot=rock outcome=draw
2025-10-31 23:07:21,140 | INFO | No gesture detected for session 42a94d32-6df9-45a3-acca-8000388cc38a
2025-10-31 23:07:33,947 | INFO | Session 42a94d32-6df9-45a3-acca-8000388cc38a round 2: player=rock bot=rock outcome=draw
2025-10-31 23:07:45,235 | INFO | Session 42a94d32-6df9-45a3-acca-8000388cc38a round 3: player=scissors bot=scissors outcome=draw
2025-10-31 23:07:55,567 | INFO | Session 42a94d32-6df9-45a3-acca-8000388cc38a completed with expression happy
